0 info it worked if it ends with ok
1 verbose cli [ 'C:\\Program Files\\nodejs\\node.exe',
1 verbose cli   'C:\\Users\\Cyrax\\AppData\\Roaming\\npm\\node_modules\\npm\\bin\\npm-cli.js',
1 verbose cli   'start' ]
2 info using npm@3.10.10
3 info using node@v10.9.0
4 verbose run-script [ 'prestart', 'start', 'poststart' ]
5 info lifecycle standard-backend@1.0.0~prestart: standard-backend@1.0.0
6 silly lifecycle standard-backend@1.0.0~prestart: no script for prestart, continuing
7 info lifecycle standard-backend@1.0.0~start: standard-backend@1.0.0
8 verbose lifecycle standard-backend@1.0.0~start: unsafe-perm in lifecycle true
9 verbose lifecycle standard-backend@1.0.0~start: PATH: C:\Users\Cyrax\AppData\Roaming\npm\node_modules\npm\bin\node-gyp-bin;C:\Users\Cyrax\Projects\Personal\NeighborHound\NeighbourHound\server\node_modules\.bin;C:\Program Files\Git\mingw64\bin;C:\Program Files\Git\usr\bin;C:\Users\Cyrax\bin;C:\Program Files (x86)\Razer Chroma SDK\bin;C:\Program Files\Razer Chroma SDK\bin;C:\Python37\Scripts;C:\Python37;C:\Program Files (x86)\NVIDIA Corporation\PhysX\Common;C:\ProgramData\Oracle\Java\javapath;C:\WINDOWS\system32;C:\WINDOWS;C:\WINDOWS\System32\Wbem;C:\WINDOWS\System32\WindowsPowerShell\v1.0;C:\Program Files (x86)\ATI Technologies\ATI.ACE\Core-Static;C:\WINDOWS\System32\OpenSSH;C:\Program Files\Microsoft VS Code\bin;C:\Program Files\Git\cmd;C:\Program Files\nodejs;C:\WINDOWS\system32\config\systemprofile\AppData\Local\Microsoft\WindowsApps;C:\Python37\Lib\site-packages\nmap;C:\Users\Cyrax\AppData\Local\Programs\Python\Python37-32\Scripts;C:\Users\Cyrax\AppData\Local\Programs\Python\Python37-32;C:\Ruby25-x64\bin;C:\Users\Cyrax\AppData\Local\Microsoft\WindowsApps;C:\Users\Cyrax\AppData\Roaming\npm;C:\Program Files\heroku\bin;C:\Program Files\PostgreSQL\10\bin;C:\Program Files\MongoDB\Server\4.0\bin
10 verbose lifecycle standard-backend@1.0.0~start: CWD: C:\Users\Cyrax\Projects\Personal\NeighborHound\NeighbourHound\server
11 silly lifecycle standard-backend@1.0.0~start: Args: [ '/d /s /c', 'nodemon server.js' ]
12 silly lifecycle standard-backend@1.0.0~start: Returned: code: 3221225786  signal: null
13 info lifecycle standard-backend@1.0.0~start: Failed to exec start script
14 verbose stack Error: standard-backend@1.0.0 start: `nodemon server.js`
14 verbose stack Exit status 3221225786
14 verbose stack     at EventEmitter.<anonymous> (C:\Users\Cyrax\AppData\Roaming\npm\node_modules\npm\lib\utils\lifecycle.js:255:16)
14 verbose stack     at EventEmitter.emit (events.js:182:13)
14 verbose stack     at ChildProcess.<anonymous> (C:\Users\Cyrax\AppData\Roaming\npm\node_modules\npm\lib\utils\spawn.js:40:14)
14 verbose stack     at ChildProcess.emit (events.js:182:13)
14 verbose stack     at maybeClose (internal/child_process.js:961:16)
14 verbose stack     at Process.ChildProcess._handle.onexit (internal/child_process.js:250:5)
15 verbose pkgid standard-backend@1.0.0
16 verbose cwd C:\Users\Cyrax\Projects\Personal\NeighborHound\NeighbourHound\server
17 error Windows_NT 10.0.17134
18 error argv "C:\\Program Files\\nodejs\\node.exe" "C:\\Users\\Cyrax\\AppData\\Roaming\\npm\\node_modules\\npm\\bin\\npm-cli.js" "start"
19 error node v10.9.0
20 error npm  v3.10.10
21 error code ELIFECYCLE
22 error standard-backend@1.0.0 start: `nodemon server.js`
22 error Exit status 3221225786
23 error Failed at the standard-backend@1.0.0 start script 'nodemon server.js'.
23 error Make sure you have the latest version of node.js and npm installed.
23 error If you do, this is most likely a problem with the standard-backend package,
23 error not with npm itself.
23 error Tell the author that this fails on your system:
23 error     nodemon server.js
23 error You can get information on how to open an issue for this project with:
23 error     npm bugs standard-backend
23 error Or if that isn't available, you can get their info via:
23 error     npm owner ls standard-backend
23 error There is likely additional logging output above.
24 verbose exit [ 1, true ]
